<?xml version="1.0" encoding="UTF-8"?>
<testsuite xmlns:xsi="http://www.w3.org/2001/XMLSchema-instance" xsi:noNamespaceSchemaLocation="https://maven.apache.org/surefire/maven-surefire-plugin/xsd/surefire-test-report.xsd" name="ru.praktikum_sevices.qa_scooter.courier.CourierLoginTest" time="126.248" tests="10" errors="0" skipped="0" failures="2">
  <properties>
[...]
</properties>
  <testcase name="shouldNotBeLoginWithWrongLogin" classname="ru.praktikum_sevices.qa_scooter.courier.CourierLoginTest" time="0.609"/>
  <testcase name="shouldNotBeLoginWithoutLogin" classname="ru.praktikum_sevices.qa_scooter.courier.CourierLoginTest" time="0.639"/>
  <testcase name="shouldNotBeLoginWitEmptyLogin" classname="ru.praktikum_sevices.qa_scooter.courier.CourierLoginTest" time="0.693"/>
  <testcase name="shouldNotBeLoginWithEmptyPassword" classname="ru.praktikum_sevices.qa_scooter.courier.CourierLoginTest" time="0.657"/>
  <testcase name="shouldNotBeLoginWithWrongPassword" classname="ru.praktikum_sevices.qa_scooter.courier.CourierLoginTest" time="0.581"/>
  <testcase name="shouldNotBeLoginWithEmptyLoginAndPassword" classname="ru.praktikum_sevices.qa_scooter.courier.CourierLoginTest" time="0.627"/>
  <testcase name="shouldNotBeLoginWithoutLoginAndPassword" classname="ru.praktikum_sevices.qa_scooter.courier.CourierLoginTest" time="60.662">
    <failure message="Статус код не 400&#10;Expected: &lt;400&gt;&#10;     but: was &lt;504&gt;" type="java.lang.AssertionError"><![CDATA[java.lang.AssertionError: 
Статус код не 400
Expected: <400>
     but: was <504>
	at ru.praktikum_sevices.qa_scooter.courier.CourierLoginTest.shouldNotBeLoginWithoutLoginAndPassword(CourierLoginTest.java:105)
]]></failure>
    <system-out><![CDATA[Request method:	POST
Request URI:	https://qa-scooter.praktikum-services.ru/api/v1/courier/
Proxy:			<none>
Request params:	<none>
Query params:	<none>
Form params:	<none>
Path params:	<none>
Headers:		Accept=*/*
				Content-Type=application/json
Cookies:		<none>
Multiparts:		<none>
Body:
{
    "login": "DA7C1X",
    "password": "cpAZPj9DS",
    "firstName": "vwurseK"
}
HTTP/1.1 201 Created
Access-Control-Allow-Origin: *
Content-Length: 11
Content-Type: application/json; charset=utf-8
Date: Sun, 05 Jun 2022 17:31:06 GMT
ETag: W/"b-Ai2R8hgEarLmHKwesT1qcY913ys"
Set-Cookie: _yasc=5AXz9FS72zFXezBT4h3ED8gsNeSF3UEhMy3bEvpr6fGB0w==; domain=.praktikum-services.ru; path=/; expires=Tue, 05-Jul-2022 17:31:06 GMT; secure
X-Powered-By: Express
X-Request-Id: 1654450266423927-13413389661140272155

{
    "ok": true
}
Request method:	POST
Request URI:	https://qa-scooter.praktikum-services.ru/api/v1/courier/login
Proxy:			<none>
Request params:	<none>
Query params:	<none>
Form params:	<none>
Path params:	<none>
Headers:		Accept=*/*
				Content-Type=application/json
Cookies:		<none>
Multiparts:		<none>
Body:
{
    
}
HTTP/1.1 504 Gateway time out
Content-Length: 19
Set-Cookie: _yasc=cIVR4XCMixvojlGnzJgO47aZredfvOgY5GPQia3QjgGPmw==; domain=.praktikum-services.ru; path=/; expires=Tue, 05-Jul-2022 17:31:06 GMT; secure
X-Request-Id: 1654450266553933-7081647326538651190

Service unavailable
Request method:	POST
Request URI:	https://qa-scooter.praktikum-services.ru/api/v1/courier/login
Proxy:			<none>
Request params:	<none>
Query params:	<none>
Form params:	<none>
Path params:	<none>
Headers:		Accept=*/*
				Content-Type=application/json
Cookies:		<none>
Multiparts:		<none>
Body:
{
    "login": "DA7C1X",
    "password": "cpAZPj9DS"
}
HTTP/1.1 200 OK
Access-Control-Allow-Origin: *
Content-Length: 12
Content-Type: application/json; charset=utf-8
Date: Sun, 05 Jun 2022 17:32:06 GMT
ETag: W/"c-mf4tYoSf5nRtI53aeP3G07S6Q0U"
Set-Cookie: _yasc=sNiLSfjPdZwRGY+oOiPWBZwkmZadIQMOM3A0JfBexdBBMQ==; domain=.praktikum-services.ru; path=/; expires=Tue, 05-Jul-2022 17:32:06 GMT; secure
X-Powered-By: Express
X-Request-Id: 1654450326716548-11784977604124278469

{
    "id": 76942
}
Request method:	DELETE
Request URI:	https://qa-scooter.praktikum-services.ru/api/v1/courier/76942
Proxy:			<none>
Request params:	<none>
Query params:	<none>
Form params:	<none>
Path params:	<none>
Headers:		Accept=*/*
				Content-Type=application/json
Cookies:		<none>
Multiparts:		<none>
Body:			<none>
HTTP/1.1 200 OK
Access-Control-Allow-Origin: *
Content-Length: 11
Content-Type: application/json; charset=utf-8
Date: Sun, 05 Jun 2022 17:32:06 GMT
ETag: W/"b-Ai2R8hgEarLmHKwesT1qcY913ys"
Set-Cookie: _yasc=XDvVSaUO2olELt7Yt+8lPAu5odZn3oCVPFPa39PWmboVgQ==; domain=.praktikum-services.ru; path=/; expires=Tue, 05-Jul-2022 17:32:06 GMT; secure
X-Powered-By: Express
X-Request-Id: 1654450326915702-11718342840611782267

{
    "ok": true
}
]]></system-out>
  </testcase>
  <testcase name="shouldNotBeLoginNonExistentCourier" classname="ru.praktikum_sevices.qa_scooter.courier.CourierLoginTest" time="0.71"/>
  <testcase name="shouldBeSuccessLoginWithValidCredentials" classname="ru.praktikum_sevices.qa_scooter.courier.CourierLoginTest" time="0.372"/>
  <testcase name="shouldNotBeLoginWithoutPassword" classname="ru.praktikum_sevices.qa_scooter.courier.CourierLoginTest" time="60.69">
    <failure message="Статус код не 400&#10;Expected: &lt;400&gt;&#10;     but: was &lt;504&gt;" type="java.lang.AssertionError"><![CDATA[java.lang.AssertionError: 
Статус код не 400
Expected: <400>
     but: was <504>
	at ru.praktikum_sevices.qa_scooter.courier.CourierLoginTest.shouldNotBeLoginWithoutPassword(CourierLoginTest.java:87)
]]></failure>
    <system-out><![CDATA[Request method:	POST
Request URI:	https://qa-scooter.praktikum-services.ru/api/v1/courier/
Proxy:			<none>
Request params:	<none>
Query params:	<none>
Form params:	<none>
Path params:	<none>
Headers:		Accept=*/*
				Content-Type=application/json
Cookies:		<none>
Multiparts:		<none>
Body:
{
    "login": "80qm2",
    "password": "bC7flIw",
    "firstName": "srFhdM"
}
HTTP/1.1 201 Created
Access-Control-Allow-Origin: *
Content-Length: 11
Content-Type: application/json; charset=utf-8
Date: Sun, 05 Jun 2022 17:32:08 GMT
ETag: W/"b-Ai2R8hgEarLmHKwesT1qcY913ys"
Set-Cookie: _yasc=y++/9quV67Pz+cp+QXZvRIMZqRcfX5H2fsSq1uQD3VTj3g==; domain=.praktikum-services.ru; path=/; expires=Tue, 05-Jul-2022 17:32:08 GMT; secure
X-Powered-By: Express
X-Request-Id: 1654450328173556-11419057060181737720

{
    "ok": true
}
Request method:	POST
Request URI:	https://qa-scooter.praktikum-services.ru/api/v1/courier/login
Proxy:			<none>
Request params:	<none>
Query params:	<none>
Form params:	<none>
Path params:	<none>
Headers:		Accept=*/*
				Content-Type=application/json
Cookies:		<none>
Multiparts:		<none>
Body:
{
    "login": "80qm2"
}
HTTP/1.1 504 Gateway time out
Content-Length: 19
Set-Cookie: _yasc=GgfgIR2+CIwhdfq/IzJGBoihBwICOLpeVVOn0v3R+oKUYA==; domain=.praktikum-services.ru; path=/; expires=Tue, 05-Jul-2022 17:32:08 GMT; secure
X-Request-Id: 1654450328343658-9308053467671902966

Service unavailable
Request method:	POST
Request URI:	https://qa-scooter.praktikum-services.ru/api/v1/courier/login
Proxy:			<none>
Request params:	<none>
Query params:	<none>
Form params:	<none>
Path params:	<none>
Headers:		Accept=*/*
				Content-Type=application/json
Cookies:		<none>
Multiparts:		<none>
Body:
{
    "login": "80qm2",
    "password": "bC7flIw"
}
HTTP/1.1 200 OK
Access-Control-Allow-Origin: *
Content-Length: 12
Content-Type: application/json; charset=utf-8
Date: Sun, 05 Jun 2022 17:33:08 GMT
ETag: W/"c-YLh6c5wTnmyJTXWUHoh1nOZiFDM"
Set-Cookie: _yasc=epHlhg2jYWZdyufTGGEqQ99vfBRbqjrPqUbLfGPo/2Daaw==; domain=.praktikum-services.ru; path=/; expires=Tue, 05-Jul-2022 17:33:08 GMT; secure
X-Powered-By: Express
X-Request-Id: 1654450388486280-12902895976745126423

{
    "id": 76946
}
Request method:	DELETE
Request URI:	https://qa-scooter.praktikum-services.ru/api/v1/courier/76946
Proxy:			<none>
Request params:	<none>
Query params:	<none>
Form params:	<none>
Path params:	<none>
Headers:		Accept=*/*
				Content-Type=application/json
Cookies:		<none>
Multiparts:		<none>
Body:			<none>
HTTP/1.1 200 OK
Access-Control-Allow-Origin: *
Content-Length: 11
Content-Type: application/json; charset=utf-8
Date: Sun, 05 Jun 2022 17:33:08 GMT
ETag: W/"b-Ai2R8hgEarLmHKwesT1qcY913ys"
Set-Cookie: _yasc=nlej7ImQcXDDNlfsBkJiLX7IPNankDwJRbNEhXveNcIB+g==; domain=.praktikum-services.ru; path=/; expires=Tue, 05-Jul-2022 17:33:08 GMT; secure
X-Powered-By: Express
X-Request-Id: 1654450388645114-16838442908540768950

{
    "ok": true
}
]]></system-out>
  </testcase>
</testsuite>