<?xml version="1.0" encoding="UTF-8"?>
<testsuite xmlns:xsi="http://www.w3.org/2001/XMLSchema-instance" xsi:noNamespaceSchemaLocation="https://maven.apache.org/surefire/maven-surefire-plugin/xsd/surefire-test-report.xsd" name="ru.praktikum_sevices.qa_scooter.courier.CourierCreateTest" time="7.996" tests="9" errors="0" skipped="0" failures="3">
  <properties>
[...]
</properties>
  <testcase name="shouldNotBeCreateDoubleCourier" classname="ru.praktikum_sevices.qa_scooter.courier.CourierCreateTest" time="5.072">
    <failure message="Ожидаемый текст не соответствует фактическому&#10;Expected: &quot;Этот логин уже используется&quot;&#10;     but: was &quot;Этот логин уже используется. Попробуйте другой.&quot;" type="java.lang.AssertionError">java.lang.AssertionError: 
Ожидаемый текст не соответствует фактическому
Expected: "Этот логин уже используется"
     but: was "Этот логин уже используется. Попробуйте другой."
	at ru.praktikum_sevices.qa_scooter.courier.CourierCreateTest.shouldNotBeCreateDoubleCourier(CourierCreateTest.java:148)
</failure>
    <system-out><![CDATA[Request method:	POST
Request URI:	https://qa-scooter.praktikum-services.ru/api/v1/courier/
Proxy:			<none>
Request params:	<none>
Query params:	<none>
Form params:	<none>
Path params:	<none>
Headers:		Accept=*/*
				Content-Type=application/json
Cookies:		<none>
Multiparts:		<none>
Body:
{
    "login": "oNOJc15",
    "password": "MrQNb6uem",
    "firstName": "49beT"
}
HTTP/1.1 201 Created
Access-Control-Allow-Origin: *
Content-Length: 11
Content-Type: application/json; charset=utf-8
Date: Sun, 05 Jun 2022 17:30:58 GMT
ETag: W/"b-Ai2R8hgEarLmHKwesT1qcY913ys"
Set-Cookie: _yasc=8jNSEW2rL3C6o9yCzj2dSOpqbxLu6rWyIVR7sHZhhxt1Vg==; domain=.praktikum-services.ru; path=/; expires=Tue, 05-Jul-2022 17:30:58 GMT; secure
X-Powered-By: Express
X-Request-Id: 1654450258128887-8441237729759778429

{
    "ok": true
}
Request method:	POST
Request URI:	https://qa-scooter.praktikum-services.ru/api/v1/courier/
Proxy:			<none>
Request params:	<none>
Query params:	<none>
Form params:	<none>
Path params:	<none>
Headers:		Accept=*/*
				Content-Type=application/json
Cookies:		<none>
Multiparts:		<none>
Body:
{
    "login": "oNOJc15",
    "password": "MrQNb6uem",
    "firstName": "49beT"
}
HTTP/1.1 409 Conflict
Access-Control-Allow-Origin: *
Content-Length: 112
Content-Type: application/json; charset=utf-8
Date: Sun, 05 Jun 2022 17:30:58 GMT
ETag: W/"70-sLG1ZktNk+Ab3iaKUMwxkdL4FJo"
Set-Cookie: _yasc=0ZclpsKUIFc0VQc0D/ATajmXQ+q0YViFepeHTLLf4KxfWw==; domain=.praktikum-services.ru; path=/; expires=Tue, 05-Jul-2022 17:30:58 GMT; secure
X-Powered-By: Express
X-Request-Id: 1654450258493696-11967939776322908932

{
    "code": 409,
    "message": "Этот логин уже используется. Попробуйте другой."
}
Request method:	POST
Request URI:	https://qa-scooter.praktikum-services.ru/api/v1/courier/login
Proxy:			<none>
Request params:	<none>
Query params:	<none>
Form params:	<none>
Path params:	<none>
Headers:		Accept=*/*
				Content-Type=application/json
Cookies:		<none>
Multiparts:		<none>
Body:
{
    "login": "oNOJc15",
    "password": "MrQNb6uem"
}
HTTP/1.1 200 OK
Access-Control-Allow-Origin: *
Content-Length: 12
Content-Type: application/json; charset=utf-8
Date: Sun, 05 Jun 2022 17:30:58 GMT
ETag: W/"c-pMjWl6aF4yYKXoy1pPeiddecZHk"
Set-Cookie: _yasc=hI+u/bOBg6IYvz6vDwww+q4UeOFw40WIGN1c8gVJlpwt5g==; domain=.praktikum-services.ru; path=/; expires=Tue, 05-Jul-2022 17:30:58 GMT; secure
X-Powered-By: Express
X-Request-Id: 1654450258728235-18437275818234440320

{
    "id": 76932
}
Request method:	DELETE
Request URI:	https://qa-scooter.praktikum-services.ru/api/v1/courier/76932
Proxy:			<none>
Request params:	<none>
Query params:	<none>
Form params:	<none>
Path params:	<none>
Headers:		Accept=*/*
				Content-Type=application/json
Cookies:		<none>
Multiparts:		<none>
Body:			<none>
HTTP/1.1 200 OK
Access-Control-Allow-Origin: *
Content-Length: 11
Content-Type: application/json; charset=utf-8
Date: Sun, 05 Jun 2022 17:30:59 GMT
ETag: W/"b-Ai2R8hgEarLmHKwesT1qcY913ys"
Set-Cookie: _yasc=Rb9EVovSkMGJUgf6ONDeiB/u4RtsyT/JkNpLD1/XRk8Ssg==; domain=.praktikum-services.ru; path=/; expires=Tue, 05-Jul-2022 17:30:59 GMT; secure
X-Powered-By: Express
X-Request-Id: 1654450259649090-4182550892269821370

{
    "ok": true
}
]]></system-out>
    <system-err><![CDATA[SLF4J: Failed to load class "org.slf4j.impl.StaticLoggerBinder".
SLF4J: Defaulting to no-operation (NOP) logger implementation
SLF4J: See http://www.slf4j.org/codes.html#StaticLoggerBinder for further details.
]]></system-err>
  </testcase>
  <testcase name="shouldNotBeCreateCourierWithoutLogin" classname="ru.praktikum_sevices.qa_scooter.courier.CourierCreateTest" time="0.156"/>
  <testcase name="shouldNotBeCreateCourierIfLoginIsAlready" classname="ru.praktikum_sevices.qa_scooter.courier.CourierCreateTest" time="0.735">
    <failure message="Ожидаемый текст не соответствует фактическому&#10;Expected: &quot;Этот логин уже используется&quot;&#10;     but: was &quot;Этот логин уже используется. Попробуйте другой.&quot;" type="java.lang.AssertionError">java.lang.AssertionError: 
Ожидаемый текст не соответствует фактическому
Expected: "Этот логин уже используется"
     but: was "Этот логин уже используется. Попробуйте другой."
	at ru.praktikum_sevices.qa_scooter.courier.CourierCreateTest.shouldNotBeCreateCourierIfLoginIsAlready(CourierCreateTest.java:167)
</failure>
    <system-out><![CDATA[Request method:	POST
Request URI:	https://qa-scooter.praktikum-services.ru/api/v1/courier/
Proxy:			<none>
Request params:	<none>
Query params:	<none>
Form params:	<none>
Path params:	<none>
Headers:		Accept=*/*
				Content-Type=application/json
Cookies:		<none>
Multiparts:		<none>
Body:
{
    "login": "qx9pgyL",
    "password": "EeiJS",
    "firstName": "JtgG3"
}
HTTP/1.1 201 Created
Access-Control-Allow-Origin: *
Content-Length: 11
Content-Type: application/json; charset=utf-8
Date: Sun, 05 Jun 2022 17:31:00 GMT
ETag: W/"b-Ai2R8hgEarLmHKwesT1qcY913ys"
Set-Cookie: _yasc=cXzCaCF4l5FlC0Q5jdXwVjDS/RObvSHaQHupjJz8OMMpZw==; domain=.praktikum-services.ru; path=/; expires=Tue, 05-Jul-2022 17:31:00 GMT; secure
X-Powered-By: Express
X-Request-Id: 1654450260063334-6882572417606156021

{
    "ok": true
}
Request method:	POST
Request URI:	https://qa-scooter.praktikum-services.ru/api/v1/courier/
Proxy:			<none>
Request params:	<none>
Query params:	<none>
Form params:	<none>
Path params:	<none>
Headers:		Accept=*/*
				Content-Type=application/json
Cookies:		<none>
Multiparts:		<none>
Body:
{
    "login": "qx9pgyL",
    "password": "3oXWJ",
    "firstName": "Fpo0obm5"
}
HTTP/1.1 409 Conflict
Access-Control-Allow-Origin: *
Content-Length: 112
Content-Type: application/json; charset=utf-8
Date: Sun, 05 Jun 2022 17:31:00 GMT
ETag: W/"70-sLG1ZktNk+Ab3iaKUMwxkdL4FJo"
Set-Cookie: _yasc=7IeOzz/rk9L+0jnx11FgdcBEaVVE2eH3hrYEymb27Zjgvg==; domain=.praktikum-services.ru; path=/; expires=Tue, 05-Jul-2022 17:31:00 GMT; secure
X-Powered-By: Express
X-Request-Id: 1654450260257156-11318654514565315219

{
    "code": 409,
    "message": "Этот логин уже используется. Попробуйте другой."
}
Request method:	POST
Request URI:	https://qa-scooter.praktikum-services.ru/api/v1/courier/login
Proxy:			<none>
Request params:	<none>
Query params:	<none>
Form params:	<none>
Path params:	<none>
Headers:		Accept=*/*
				Content-Type=application/json
Cookies:		<none>
Multiparts:		<none>
Body:
{
    "login": "qx9pgyL",
    "password": "EeiJS"
}
HTTP/1.1 200 OK
Access-Control-Allow-Origin: *
Content-Length: 12
Content-Type: application/json; charset=utf-8
Date: Sun, 05 Jun 2022 17:31:00 GMT
ETag: W/"c-u+5Ouj6RuU9xGH5sPJJAweGxky0"
Set-Cookie: _yasc=5zlkbyB3jPuI1D93i6+xvEmmJtqWL2Paz/b29bw4/IOOPQ==; domain=.praktikum-services.ru; path=/; expires=Tue, 05-Jul-2022 17:31:00 GMT; secure
X-Powered-By: Express
X-Request-Id: 1654450260413887-4742565839168293838

{
    "id": 76933
}
Request method:	DELETE
Request URI:	https://qa-scooter.praktikum-services.ru/api/v1/courier/76933
Proxy:			<none>
Request params:	<none>
Query params:	<none>
Form params:	<none>
Path params:	<none>
Headers:		Accept=*/*
				Content-Type=application/json
Cookies:		<none>
Multiparts:		<none>
Body:			<none>
HTTP/1.1 200 OK
Access-Control-Allow-Origin: *
Content-Length: 11
Content-Type: application/json; charset=utf-8
Date: Sun, 05 Jun 2022 17:31:00 GMT
ETag: W/"b-Ai2R8hgEarLmHKwesT1qcY913ys"
Set-Cookie: _yasc=ZF7IDavt8Jh8sEP+DBr6ryybKxP+LML0CXg+Qj+CyZeCWg==; domain=.praktikum-services.ru; path=/; expires=Tue, 05-Jul-2022 17:31:00 GMT; secure
X-Powered-By: Express
X-Request-Id: 1654450260610690-7067696031444106895

{
    "ok": true
}
]]></system-out>
  </testcase>
  <testcase name="shouldNotBeCreateCourierWithoutPassword" classname="ru.praktikum_sevices.qa_scooter.courier.CourierCreateTest" time="0.171"/>
  <testcase name="shouldNotBeCreateCourierWithoutFirstName" classname="ru.praktikum_sevices.qa_scooter.courier.CourierCreateTest" time="0.532">
    <failure message="Статус код не 400&#10;Expected: &lt;400&gt;&#10;     but: was &lt;201&gt;" type="java.lang.AssertionError"><![CDATA[java.lang.AssertionError: 
Статус код не 400
Expected: <400>
     but: was <201>
	at ru.praktikum_sevices.qa_scooter.courier.CourierCreateTest.shouldNotBeCreateCourierWithoutFirstName(CourierCreateTest.java:133)
]]></failure>
    <system-out><![CDATA[Request method:	POST
Request URI:	https://qa-scooter.praktikum-services.ru/api/v1/courier/
Proxy:			<none>
Request params:	<none>
Query params:	<none>
Form params:	<none>
Path params:	<none>
Headers:		Accept=*/*
				Content-Type=application/json
Cookies:		<none>
Multiparts:		<none>
Body:
{
    "login": "lSis4",
    "password": "L2QJp7"
}
HTTP/1.1 201 Created
Access-Control-Allow-Origin: *
Content-Length: 11
Content-Type: application/json; charset=utf-8
Date: Sun, 05 Jun 2022 17:31:01 GMT
ETag: W/"b-Ai2R8hgEarLmHKwesT1qcY913ys"
Set-Cookie: _yasc=2asfYyURVeflZ4+pDznOCSp4/SzfJ7EE59xVYlV2qPkmCQ==; domain=.praktikum-services.ru; path=/; expires=Tue, 05-Jul-2022 17:31:00 GMT; secure
X-Powered-By: Express
X-Request-Id: 1654450260966480-5193246987511921931

{
    "ok": true
}
Request method:	POST
Request URI:	https://qa-scooter.praktikum-services.ru/api/v1/courier/login
Proxy:			<none>
Request params:	<none>
Query params:	<none>
Form params:	<none>
Path params:	<none>
Headers:		Accept=*/*
				Content-Type=application/json
Cookies:		<none>
Multiparts:		<none>
Body:
{
    "login": "lSis4",
    "password": "L2QJp7"
}
HTTP/1.1 200 OK
Access-Control-Allow-Origin: *
Content-Length: 12
Content-Type: application/json; charset=utf-8
Date: Sun, 05 Jun 2022 17:31:01 GMT
ETag: W/"c-kzHYfoJ253f438FBth0ecprsfF8"
Set-Cookie: _yasc=g1FcOy4p1gd6pwbUBtsi2jTzQmMsdioq4bK9CLIFa5wUoA==; domain=.praktikum-services.ru; path=/; expires=Tue, 05-Jul-2022 17:31:01 GMT; secure
X-Powered-By: Express
X-Request-Id: 1654450261170559-10897717274891255397

{
    "id": 76934
}
Request method:	DELETE
Request URI:	https://qa-scooter.praktikum-services.ru/api/v1/courier/76934
Proxy:			<none>
Request params:	<none>
Query params:	<none>
Form params:	<none>
Path params:	<none>
Headers:		Accept=*/*
				Content-Type=application/json
Cookies:		<none>
Multiparts:		<none>
Body:			<none>
HTTP/1.1 200 OK
Access-Control-Allow-Origin: *
Content-Length: 11
Content-Type: application/json; charset=utf-8
Date: Sun, 05 Jun 2022 17:31:01 GMT
ETag: W/"b-Ai2R8hgEarLmHKwesT1qcY913ys"
Set-Cookie: _yasc=fWc3U2MVIXQSiTFZXfax8z9QfCi1EQSOIah/2Viae0fLbQ==; domain=.praktikum-services.ru; path=/; expires=Tue, 05-Jul-2022 17:31:01 GMT; secure
X-Powered-By: Express
X-Request-Id: 1654450261305772-7694381175457160903

{
    "ok": true
}
]]></system-out>
  </testcase>
  <testcase name="shouldNotBeCreateCourierWithOnlyLogin" classname="ru.praktikum_sevices.qa_scooter.courier.CourierCreateTest" time="0.168"/>
  <testcase name="shouldBeCreateCourierWithValidData" classname="ru.praktikum_sevices.qa_scooter.courier.CourierCreateTest" time="0.576"/>
  <testcase name="shouldNotBeCreateCourierWithOnlyFirstName" classname="ru.praktikum_sevices.qa_scooter.courier.CourierCreateTest" time="0.172"/>
  <testcase name="shouldNotBeCreateCourierWithOnlyPassword" classname="ru.praktikum_sevices.qa_scooter.courier.CourierCreateTest" time="0.156"/>
</testsuite>